\BOOKMARK [0][-]{chapter.1}{Inleiding}{}
\BOOKMARK [0][-]{chapter.2}{Installatie}{}
\BOOKMARK [0][-]{chapter.3}{Pati\353nt}{}
\BOOKMARK [1][-]{section.3.1}{Pati\353ntgegevens}{chapter.3}
\BOOKMARK [1][-]{section.3.2}{Klachten}{chapter.3}
\BOOKMARK [2][-]{subsection.3.2.1}{Opnames}{section.3.2}
\BOOKMARK [2][-]{subsection.3.2.2}{Recepten}{section.3.2}
\BOOKMARK [2][-]{subsection.3.2.3}{Afspraken}{section.3.2}
\BOOKMARK [2][-]{subsection.3.2.4}{Wachtlijst}{section.3.2}
\BOOKMARK [0][-]{chapter.4}{Opnames}{}
\BOOKMARK [1][-]{section.4.1}{Opnameoverzicht}{chapter.4}
\BOOKMARK [1][-]{section.4.2}{Overzicht selecteren}{chapter.4}
\BOOKMARK [1][-]{section.4.3}{Overzichtstypen}{chapter.4}
\BOOKMARK [2][-]{subsection.4.3.1}{Huidige bezetting}{section.4.3}
\BOOKMARK [2][-]{subsection.4.3.2}{Huidige opnames}{section.4.3}
\BOOKMARK [2][-]{subsection.4.3.3}{Huidige ontslagen}{section.4.3}
\BOOKMARK [2][-]{subsection.4.3.4}{Afgehandelde opnames}{section.4.3}
\BOOKMARK [2][-]{subsection.4.3.5}{Huidige bezetting}{section.4.3}
\BOOKMARK [1][-]{section.4.4}{Detailvenster}{chapter.4}
\BOOKMARK [0][-]{chapter.5}{Wachtlijst}{}
\BOOKMARK [1][-]{section.5.1}{Wachtlijst bekijken}{chapter.5}
\BOOKMARK [1][-]{section.5.2}{Aan wachtlijst toevoegen}{chapter.5}
\BOOKMARK [1][-]{section.5.3}{Van wachtlijst tot opname}{chapter.5}
\BOOKMARK [0][-]{chapter.6}{Rekeningen}{}
\BOOKMARK [1][-]{section.6.1}{Rekeningen bekijken}{chapter.6}
\BOOKMARK [1][-]{section.6.2}{Nieuwe rekeningen}{chapter.6}
\BOOKMARK [1][-]{section.6.3}{Rekeningen aflossen}{chapter.6}
\BOOKMARK [0][-]{chapter.7}{Werknemer}{}
\BOOKMARK [1][-]{section.7.1}{Werknemersgegevens}{chapter.7}
\BOOKMARK [1][-]{section.7.2}{Contracten}{chapter.7}
\BOOKMARK [1][-]{section.7.3}{Werkverleden}{chapter.7}
\BOOKMARK [1][-]{section.7.4}{Rooster}{chapter.7}
\BOOKMARK [0][-]{chapter.8}{Afspraken}{}
\BOOKMARK [1][-]{section.8.1}{Afspraken per werknemer}{chapter.8}
\BOOKMARK [1][-]{section.8.2}{Afspraken per afdeling}{chapter.8}
\BOOKMARK [0][-]{chapter.9}{Magazijn}{}
\BOOKMARK [1][-]{section.9.1}{Verbruik per pati\353nt}{chapter.9}
\BOOKMARK [1][-]{section.9.2}{Verbruik per afdeling}{chapter.9}
\BOOKMARK [1][-]{section.9.3}{Verbruik per product}{chapter.9}
\BOOKMARK [1][-]{section.9.4}{Medicijnuitgifte}{chapter.9}
\BOOKMARK [2][-]{subsection.9.4.1}{Recept selecteren}{section.9.4}
\BOOKMARK [2][-]{subsection.9.4.2}{Datum van uitgifte}{section.9.4}
\BOOKMARK [2][-]{subsection.9.4.3}{Aantal eenheden}{section.9.4}
\BOOKMARK [2][-]{subsection.9.4.4}{Uitschrijven}{section.9.4}
\BOOKMARK [0][-]{chapter.10}{Beveiliging}{}
\BOOKMARK [1][-]{section.10.1}{Beveiliging}{chapter.10}
